2023-08-07 15:39:08,357 [Worker-0: Loading available Gradle versions] INFO  o.e.b.c.i.u.g.PublishedGradleVersions - Gradle version information cache is up-to-date. Trying to read.
2023-08-07 15:40:23,699 [Worker-11: Building] INFO  o.e.m.c.i.l.LifecycleMappingFactory - Using org.eclipse.m2e.jdt.JarLifecycleMapping lifecycle mapping for MavenProject: day05-bookstore:day05-bookstore:0.0.1-SNAPSHOT @ C:\Users\Çý°æÀÌ\git\team2_shopdb\day05-bookstore\pom.xml.
2023-08-07 15:40:25,616 [Worker-11: Building] WARN  o.e.m.c.i.embedder.EclipseLogger - Using platform encoding (MS949 actually) to copy filtered resources, i.e. build is platform dependent!
2023-08-07 15:40:25,618 [Worker-11: Building] INFO  o.e.m.c.i.embedder.EclipseLogger - skip non existing resourceDirectory C:\Users\Çý°æÀÌ\git\team2_shopdb\day05-bookstore\src\main\resources
2023-08-07 15:40:25,620 [Worker-11: Building] WARN  o.e.m.c.i.embedder.EclipseLogger - Using platform encoding (MS949 actually) to copy filtered resources, i.e. build is platform dependent!
2023-08-07 15:40:25,620 [Worker-11: Building] INFO  o.e.m.c.i.embedder.EclipseLogger - skip non existing resourceDirectory C:\Users\Çý°æÀÌ\git\team2_shopdb\day05-bookstore\src\test\resources
2023-08-07 15:40:27,005 [Worker-6: Building] WARN  o.e.m.c.i.embedder.EclipseLogger - Using platform encoding (MS949 actually) to copy filtered resources, i.e. build is platform dependent!
2023-08-07 15:40:27,007 [Worker-6: Building] INFO  o.e.m.c.i.embedder.EclipseLogger - skip non existing resourceDirectory C:\Users\Çý°æÀÌ\git\team2_shopdb\day05-bookstore\src\main\resources
2023-08-07 15:40:27,008 [Worker-6: Building] WARN  o.e.m.c.i.embedder.EclipseLogger - Using platform encoding (MS949 actually) to copy filtered resources, i.e. build is platform dependent!
2023-08-07 15:40:27,009 [Worker-6: Building] INFO  o.e.m.c.i.embedder.EclipseLogger - skip non existing resourceDirectory C:\Users\Çý°æÀÌ\git\team2_shopdb\day05-bookstore\src\test\resources
2023-08-07 15:56:29,515 [Worker-20: Building] WARN  o.e.m.c.i.embedder.EclipseLogger - Using platform encoding (MS949 actually) to copy filtered resources, i.e. build is platform dependent!
2023-08-07 15:56:29,518 [Worker-20: Building] INFO  o.e.m.c.i.embedder.EclipseLogger - skip non existing resourceDirectory C:\Users\Çý°æÀÌ\git\team2_shopdb\day05-bookstore\src\main\resources
2023-08-07 15:56:29,519 [Worker-20: Building] WARN  o.e.m.c.i.embedder.EclipseLogger - Using platform encoding (MS949 actually) to copy filtered resources, i.e. build is platform dependent!
2023-08-07 15:56:29,520 [Worker-20: Building] INFO  o.e.m.c.i.embedder.EclipseLogger - skip non existing resourceDirectory C:\Users\Çý°æÀÌ\git\team2_shopdb\day05-bookstore\src\test\resources
2023-08-07 15:56:30,554 [Worker-25: Building] WARN  o.e.m.c.i.embedder.EclipseLogger - Using platform encoding (MS949 actually) to copy filtered resources, i.e. build is platform dependent!
2023-08-07 15:56:30,555 [Worker-25: Building] INFO  o.e.m.c.i.embedder.EclipseLogger - skip non existing resourceDirectory C:\Users\Çý°æÀÌ\git\team2_shopdb\day05-bookstore\src\main\resources
2023-08-07 15:56:30,556 [Worker-25: Building] WARN  o.e.m.c.i.embedder.EclipseLogger - Using platform encoding (MS949 actually) to copy filtered resources, i.e. build is platform dependent!
2023-08-07 15:56:30,556 [Worker-25: Building] INFO  o.e.m.c.i.embedder.EclipseLogger - skip non existing resourceDirectory C:\Users\Çý°æÀÌ\git\team2_shopdb\day05-bookstore\src\test\resources
2023-08-07 16:12:00,511 [Worker-27: Building] WARN  o.e.m.c.i.embedder.EclipseLogger - Using platform encoding (MS949 actually) to copy filtered resources, i.e. build is platform dependent!
2023-08-07 16:12:00,513 [Worker-27: Building] INFO  o.e.m.c.i.embedder.EclipseLogger - skip non existing resourceDirectory C:\Users\Çý°æÀÌ\git\team2_shopdb\day05-bookstore\src\main\resources
2023-08-07 16:12:00,514 [Worker-27: Building] WARN  o.e.m.c.i.embedder.EclipseLogger - Using platform encoding (MS949 actually) to copy filtered resources, i.e. build is platform dependent!
2023-08-07 16:12:00,517 [Worker-27: Building] INFO  o.e.m.c.i.embedder.EclipseLogger - skip non existing resourceDirectory C:\Users\Çý°æÀÌ\git\team2_shopdb\day05-bookstore\src\test\resources
2023-08-07 16:13:39,380 [Worker-32: Building] WARN  o.e.m.c.i.embedder.EclipseLogger - Using platform encoding (MS949 actually) to copy filtered resources, i.e. build is platform dependent!
2023-08-07 16:13:39,382 [Worker-32: Building] INFO  o.e.m.c.i.embedder.EclipseLogger - skip non existing resourceDirectory C:\Users\Çý°æÀÌ\git\team2_shopdb\day05-bookstore\src\main\resources
2023-08-07 16:13:39,382 [Worker-32: Building] WARN  o.e.m.c.i.embedder.EclipseLogger - Using platform encoding (MS949 actually) to copy filtered resources, i.e. build is platform dependent!
2023-08-07 16:13:39,383 [Worker-32: Building] INFO  o.e.m.c.i.embedder.EclipseLogger - skip non existing resourceDirectory C:\Users\Çý°æÀÌ\git\team2_shopdb\day05-bookstore\src\test\resources
2023-08-07 16:17:29,838 [Worker-32: Building] WARN  o.e.m.c.i.embedder.EclipseLogger - Using platform encoding (MS949 actually) to copy filtered resources, i.e. build is platform dependent!
2023-08-07 16:17:29,841 [Worker-32: Building] INFO  o.e.m.c.i.embedder.EclipseLogger - skip non existing resourceDirectory C:\Users\Çý°æÀÌ\git\team2_shopdb\day05-bookstore\src\main\resources
2023-08-07 16:17:29,842 [Worker-32: Building] WARN  o.e.m.c.i.embedder.EclipseLogger - Using platform encoding (MS949 actually) to copy filtered resources, i.e. build is platform dependent!
2023-08-07 16:17:29,843 [Worker-32: Building] INFO  o.e.m.c.i.embedder.EclipseLogger - skip non existing resourceDirectory C:\Users\Çý°æÀÌ\git\team2_shopdb\day05-bookstore\src\test\resources
2023-08-07 16:17:37,623 [Worker-30: Building] WARN  o.e.m.c.i.embedder.EclipseLogger - Using platform encoding (MS949 actually) to copy filtered resources, i.e. build is platform dependent!
2023-08-07 16:17:37,625 [Worker-30: Building] INFO  o.e.m.c.i.embedder.EclipseLogger - skip non existing resourceDirectory C:\Users\Çý°æÀÌ\git\team2_shopdb\day05-bookstore\src\main\resources
2023-08-07 16:17:37,627 [Worker-30: Building] WARN  o.e.m.c.i.embedder.EclipseLogger - Using platform encoding (MS949 actually) to copy filtered resources, i.e. build is platform dependent!
2023-08-07 16:17:37,628 [Worker-30: Building] INFO  o.e.m.c.i.embedder.EclipseLogger - skip non existing resourceDirectory C:\Users\Çý°æÀÌ\git\team2_shopdb\day05-bookstore\src\test\resources
2023-08-07 16:19:04,637 [Worker-32: Building] WARN  o.e.m.c.i.embedder.EclipseLogger - Using platform encoding (MS949 actually) to copy filtered resources, i.e. build is platform dependent!
2023-08-07 16:19:04,638 [Worker-32: Building] INFO  o.e.m.c.i.embedder.EclipseLogger - skip non existing resourceDirectory C:\Users\Çý°æÀÌ\git\team2_shopdb\day05-bookstore\src\main\resources
2023-08-07 16:19:04,639 [Worker-32: Building] WARN  o.e.m.c.i.embedder.EclipseLogger - Using platform encoding (MS949 actually) to copy filtered resources, i.e. build is platform dependent!
2023-08-07 16:19:04,640 [Worker-32: Building] INFO  o.e.m.c.i.embedder.EclipseLogger - skip non existing resourceDirectory C:\Users\Çý°æÀÌ\git\team2_shopdb\day05-bookstore\src\test\resources
2023-08-07 16:26:26,550 [Worker-28: Updating Maven Project] INFO  o.e.m.c.i.p.ProjectConfigurationManager - Update started
2023-08-07 16:26:29,647 [Worker-28: Updating Maven Project] INFO  o.e.m.c.i.l.LifecycleMappingFactory - Using org.eclipse.m2e.jdt.JarLifecycleMapping lifecycle mapping for MavenProject: day05-bookstore:day05-bookstore:0.0.1-SNAPSHOT @ C:\Users\Çý°æÀÌ\git\team2_shopdb\day05-bookstore\pom.xml.
2023-08-07 16:26:30,213 [Worker-28: Updating Maven Project] INFO  o.e.m.j.i.AbstractJavaProjectConfigurator - Adding source folder /dat03-1/src
2023-08-07 16:26:30,214 [Worker-28: Updating Maven Project] INFO  o.e.m.j.i.AbstractJavaProjectConfigurator - Not adding source folder /dat03-1/src/test/java because it overlaps with /dat03-1/src
2023-08-07 16:26:30,472 [Worker-28: Updating Maven Project] INFO  o.e.m.c.i.p.ProjectConfigurationManager - Update completed: 3 sec
2023-08-07 16:26:30,741 [Worker-28: Building] WARN  o.e.m.c.i.embedder.EclipseLogger - Using platform encoding (MS949 actually) to copy filtered resources, i.e. build is platform dependent!
2023-08-07 16:26:30,743 [Worker-28: Building] INFO  o.e.m.c.i.embedder.EclipseLogger - skip non existing resourceDirectory C:\Users\Çý°æÀÌ\git\team2_shopdb\day05-bookstore\src\main\resources
2023-08-07 16:26:30,745 [Worker-28: Building] WARN  o.e.m.c.i.embedder.EclipseLogger - Using platform encoding (MS949 actually) to copy filtered resources, i.e. build is platform dependent!
2023-08-07 16:26:30,746 [Worker-28: Building] INFO  o.e.m.c.i.embedder.EclipseLogger - skip non existing resourceDirectory C:\Users\Çý°æÀÌ\git\team2_shopdb\day05-bookstore\src\test\resources
2023-08-07 16:34:24,308 [Worker-38: Building] WARN  o.e.m.c.i.embedder.EclipseLogger - Using platform encoding (MS949 actually) to copy filtered resources, i.e. build is platform dependent!
2023-08-07 16:34:24,309 [Worker-38: Building] INFO  o.e.m.c.i.embedder.EclipseLogger - skip non existing resourceDirectory C:\Users\Çý°æÀÌ\git\team2_shopdb\day05-bookstore\src\main\resources
2023-08-07 16:34:24,310 [Worker-38: Building] WARN  o.e.m.c.i.embedder.EclipseLogger - Using platform encoding (MS949 actually) to copy filtered resources, i.e. build is platform dependent!
2023-08-07 16:34:24,311 [Worker-38: Building] INFO  o.e.m.c.i.embedder.EclipseLogger - skip non existing resourceDirectory C:\Users\Çý°æÀÌ\git\team2_shopdb\day05-bookstore\src\test\resources
2023-08-07 16:38:42,281 [Worker-39: Building] WARN  o.e.m.c.i.embedder.EclipseLogger - Using platform encoding (MS949 actually) to copy filtered resources, i.e. build is platform dependent!
2023-08-07 16:38:42,283 [Worker-39: Building] INFO  o.e.m.c.i.embedder.EclipseLogger - skip non existing resourceDirectory C:\Users\Çý°æÀÌ\git\team2_shopdb\day05-bookstore\src\main\resources
2023-08-07 16:38:42,284 [Worker-39: Building] WARN  o.e.m.c.i.embedder.EclipseLogger - Using platform encoding (MS949 actually) to copy filtered resources, i.e. build is platform dependent!
2023-08-07 16:38:42,284 [Worker-39: Building] INFO  o.e.m.c.i.embedder.EclipseLogger - skip non existing resourceDirectory C:\Users\Çý°æÀÌ\git\team2_shopdb\day05-bookstore\src\test\resources
2023-08-07 16:39:02,464 [Worker-41: Building] WARN  o.e.m.c.i.embedder.EclipseLogger - Using platform encoding (MS949 actually) to copy filtered resources, i.e. build is platform dependent!
2023-08-07 16:39:02,465 [Worker-41: Building] INFO  o.e.m.c.i.embedder.EclipseLogger - skip non existing resourceDirectory C:\Users\Çý°æÀÌ\git\team2_shopdb\day05-bookstore\src\main\resources
2023-08-07 16:39:02,467 [Worker-41: Building] WARN  o.e.m.c.i.embedder.EclipseLogger - Using platform encoding (MS949 actually) to copy filtered resources, i.e. build is platform dependent!
2023-08-07 16:39:02,468 [Worker-41: Building] INFO  o.e.m.c.i.embedder.EclipseLogger - skip non existing resourceDirectory C:\Users\Çý°æÀÌ\git\team2_shopdb\day05-bookstore\src\test\resources
2023-08-07 16:39:17,700 [Worker-40: Building] WARN  o.e.m.c.i.embedder.EclipseLogger - Using platform encoding (MS949 actually) to copy filtered resources, i.e. build is platform dependent!
2023-08-07 16:39:17,701 [Worker-40: Building] INFO  o.e.m.c.i.embedder.EclipseLogger - skip non existing resourceDirectory C:\Users\Çý°æÀÌ\git\team2_shopdb\day05-bookstore\src\main\resources
2023-08-07 16:39:17,703 [Worker-40: Building] WARN  o.e.m.c.i.embedder.EclipseLogger - Using platform encoding (MS949 actually) to copy filtered resources, i.e. build is platform dependent!
2023-08-07 16:39:17,703 [Worker-40: Building] INFO  o.e.m.c.i.embedder.EclipseLogger - skip non existing resourceDirectory C:\Users\Çý°æÀÌ\git\team2_shopdb\day05-bookstore\src\test\resources
2023-08-07 16:39:58,942 [Worker-42: Building] WARN  o.e.m.c.i.embedder.EclipseLogger - Using platform encoding (MS949 actually) to copy filtered resources, i.e. build is platform dependent!
2023-08-07 16:39:58,943 [Worker-42: Building] INFO  o.e.m.c.i.embedder.EclipseLogger - skip non existing resourceDirectory C:\Users\Çý°æÀÌ\git\team2_shopdb\day05-bookstore\src\main\resources
2023-08-07 16:39:58,944 [Worker-42: Building] WARN  o.e.m.c.i.embedder.EclipseLogger - Using platform encoding (MS949 actually) to copy filtered resources, i.e. build is platform dependent!
2023-08-07 16:39:58,945 [Worker-42: Building] INFO  o.e.m.c.i.embedder.EclipseLogger - skip non existing resourceDirectory C:\Users\Çý°æÀÌ\git\team2_shopdb\day05-bookstore\src\test\resources
2023-08-07 16:40:12,048 [Worker-41: Building] WARN  o.e.m.c.i.embedder.EclipseLogger - Using platform encoding (MS949 actually) to copy filtered resources, i.e. build is platform dependent!
2023-08-07 16:40:12,048 [Worker-41: Building] INFO  o.e.m.c.i.embedder.EclipseLogger - skip non existing resourceDirectory C:\Users\Çý°æÀÌ\git\team2_shopdb\day05-bookstore\src\main\resources
2023-08-07 16:40:12,050 [Worker-41: Building] WARN  o.e.m.c.i.embedder.EclipseLogger - Using platform encoding (MS949 actually) to copy filtered resources, i.e. build is platform dependent!
2023-08-07 16:40:12,051 [Worker-41: Building] INFO  o.e.m.c.i.embedder.EclipseLogger - skip non existing resourceDirectory C:\Users\Çý°æÀÌ\git\team2_shopdb\day05-bookstore\src\test\resources
2023-08-07 16:40:14,237 [Worker-41: Building] WARN  o.e.m.c.i.embedder.EclipseLogger - Using platform encoding (MS949 actually) to copy filtered resources, i.e. build is platform dependent!
2023-08-07 16:40:14,237 [Worker-41: Building] INFO  o.e.m.c.i.embedder.EclipseLogger - skip non existing resourceDirectory C:\Users\Çý°æÀÌ\git\team2_shopdb\day05-bookstore\src\main\resources
2023-08-07 16:40:14,239 [Worker-41: Building] WARN  o.e.m.c.i.embedder.EclipseLogger - Using platform encoding (MS949 actually) to copy filtered resources, i.e. build is platform dependent!
2023-08-07 16:40:14,240 [Worker-41: Building] INFO  o.e.m.c.i.embedder.EclipseLogger - skip non existing resourceDirectory C:\Users\Çý°æÀÌ\git\team2_shopdb\day05-bookstore\src\test\resources
2023-08-07 16:47:58,309 [Worker-38: Building] WARN  o.e.m.c.i.embedder.EclipseLogger - Using platform encoding (MS949 actually) to copy filtered resources, i.e. build is platform dependent!
2023-08-07 16:47:58,310 [Worker-38: Building] INFO  o.e.m.c.i.embedder.EclipseLogger - skip non existing resourceDirectory C:\Users\Çý°æÀÌ\git\team2_shopdb\day05-bookstore\src\main\resources
2023-08-07 16:47:58,311 [Worker-38: Building] WARN  o.e.m.c.i.embedder.EclipseLogger - Using platform encoding (MS949 actually) to copy filtered resources, i.e. build is platform dependent!
2023-08-07 16:47:58,312 [Worker-38: Building] INFO  o.e.m.c.i.embedder.EclipseLogger - skip non existing resourceDirectory C:\Users\Çý°æÀÌ\git\team2_shopdb\day05-bookstore\src\test\resources
2023-08-07 16:51:36,472 [Worker-47: Building] WARN  o.e.m.c.i.embedder.EclipseLogger - Using platform encoding (MS949 actually) to copy filtered resources, i.e. build is platform dependent!
2023-08-07 16:51:36,473 [Worker-47: Building] INFO  o.e.m.c.i.embedder.EclipseLogger - skip non existing resourceDirectory C:\Users\Çý°æÀÌ\git\team2_shopdb\day05-bookstore\src\main\resources
2023-08-07 16:51:36,474 [Worker-47: Building] WARN  o.e.m.c.i.embedder.EclipseLogger - Using platform encoding (MS949 actually) to copy filtered resources, i.e. build is platform dependent!
2023-08-07 16:51:36,475 [Worker-47: Building] INFO  o.e.m.c.i.embedder.EclipseLogger - skip non existing resourceDirectory C:\Users\Çý°æÀÌ\git\team2_shopdb\day05-bookstore\src\test\resources
2023-08-07 16:58:45,978 [Worker-49: Building] WARN  o.e.m.c.i.embedder.EclipseLogger - Using platform encoding (MS949 actually) to copy filtered resources, i.e. build is platform dependent!
2023-08-07 16:58:45,979 [Worker-49: Building] INFO  o.e.m.c.i.embedder.EclipseLogger - skip non existing resourceDirectory C:\Users\Çý°æÀÌ\git\team2_shopdb\day05-bookstore\src\main\resources
2023-08-07 16:58:45,980 [Worker-49: Building] WARN  o.e.m.c.i.embedder.EclipseLogger - Using platform encoding (MS949 actually) to copy filtered resources, i.e. build is platform dependent!
2023-08-07 16:58:45,981 [Worker-49: Building] INFO  o.e.m.c.i.embedder.EclipseLogger - skip non existing resourceDirectory C:\Users\Çý°æÀÌ\git\team2_shopdb\day05-bookstore\src\test\resources
2023-08-07 17:00:49,579 [Worker-50: Building] WARN  o.e.m.c.i.embedder.EclipseLogger - Using platform encoding (MS949 actually) to copy filtered resources, i.e. build is platform dependent!
2023-08-07 17:00:49,580 [Worker-50: Building] INFO  o.e.m.c.i.embedder.EclipseLogger - skip non existing resourceDirectory C:\Users\Çý°æÀÌ\git\team2_shopdb\day05-bookstore\src\main\resources
2023-08-07 17:00:49,581 [Worker-50: Building] WARN  o.e.m.c.i.embedder.EclipseLogger - Using platform encoding (MS949 actually) to copy filtered resources, i.e. build is platform dependent!
2023-08-07 17:00:49,582 [Worker-50: Building] INFO  o.e.m.c.i.embedder.EclipseLogger - skip non existing resourceDirectory C:\Users\Çý°æÀÌ\git\team2_shopdb\day05-bookstore\src\test\resources
2023-08-07 17:01:12,959 [Worker-47: Building] WARN  o.e.m.c.i.embedder.EclipseLogger - Using platform encoding (MS949 actually) to copy filtered resources, i.e. build is platform dependent!
2023-08-07 17:01:12,959 [Worker-47: Building] INFO  o.e.m.c.i.embedder.EclipseLogger - skip non existing resourceDirectory C:\Users\Çý°æÀÌ\git\team2_shopdb\day05-bookstore\src\main\resources
2023-08-07 17:01:12,960 [Worker-47: Building] WARN  o.e.m.c.i.embedder.EclipseLogger - Using platform encoding (MS949 actually) to copy filtered resources, i.e. build is platform dependent!
2023-08-07 17:01:12,961 [Worker-47: Building] INFO  o.e.m.c.i.embedder.EclipseLogger - skip non existing resourceDirectory C:\Users\Çý°æÀÌ\git\team2_shopdb\day05-bookstore\src\test\resources
2023-08-07 17:09:42,974 [Worker-51: Building] WARN  o.e.m.c.i.embedder.EclipseLogger - Using platform encoding (MS949 actually) to copy filtered resources, i.e. build is platform dependent!
2023-08-07 17:09:42,975 [Worker-51: Building] INFO  o.e.m.c.i.embedder.EclipseLogger - skip non existing resourceDirectory C:\Users\Çý°æÀÌ\git\team2_shopdb\day05-bookstore\src\main\resources
2023-08-07 17:09:42,976 [Worker-51: Building] WARN  o.e.m.c.i.embedder.EclipseLogger - Using platform encoding (MS949 actually) to copy filtered resources, i.e. build is platform dependent!
2023-08-07 17:09:42,977 [Worker-51: Building] INFO  o.e.m.c.i.embedder.EclipseLogger - skip non existing resourceDirectory C:\Users\Çý°æÀÌ\git\team2_shopdb\day05-bookstore\src\test\resources
2023-08-07 17:13:38,282 [Worker-51: Building] WARN  o.e.m.c.i.embedder.EclipseLogger - Using platform encoding (MS949 actually) to copy filtered resources, i.e. build is platform dependent!
2023-08-07 17:13:38,283 [Worker-51: Building] INFO  o.e.m.c.i.embedder.EclipseLogger - skip non existing resourceDirectory C:\Users\Çý°æÀÌ\git\team2_shopdb\day05-bookstore\src\main\resources
2023-08-07 17:13:38,284 [Worker-51: Building] WARN  o.e.m.c.i.embedder.EclipseLogger - Using platform encoding (MS949 actually) to copy filtered resources, i.e. build is platform dependent!
2023-08-07 17:13:38,285 [Worker-51: Building] INFO  o.e.m.c.i.embedder.EclipseLogger - skip non existing resourceDirectory C:\Users\Çý°æÀÌ\git\team2_shopdb\day05-bookstore\src\test\resources
2023-08-07 17:13:45,345 [Worker-53: Building] WARN  o.e.m.c.i.embedder.EclipseLogger - Using platform encoding (MS949 actually) to copy filtered resources, i.e. build is platform dependent!
2023-08-07 17:13:45,347 [Worker-53: Building] INFO  o.e.m.c.i.embedder.EclipseLogger - skip non existing resourceDirectory C:\Users\Çý°æÀÌ\git\team2_shopdb\day05-bookstore\src\main\resources
2023-08-07 17:13:45,348 [Worker-53: Building] WARN  o.e.m.c.i.embedder.EclipseLogger - Using platform encoding (MS949 actually) to copy filtered resources, i.e. build is platform dependent!
2023-08-07 17:13:45,349 [Worker-53: Building] INFO  o.e.m.c.i.embedder.EclipseLogger - skip non existing resourceDirectory C:\Users\Çý°æÀÌ\git\team2_shopdb\day05-bookstore\src\test\resources
2023-08-07 17:14:47,867 [Worker-51: Building] WARN  o.e.m.c.i.embedder.EclipseLogger - Using platform encoding (MS949 actually) to copy filtered resources, i.e. build is platform dependent!
2023-08-07 17:14:47,868 [Worker-51: Building] INFO  o.e.m.c.i.embedder.EclipseLogger - skip non existing resourceDirectory C:\Users\Çý°æÀÌ\git\team2_shopdb\day05-bookstore\src\main\resources
2023-08-07 17:14:47,869 [Worker-51: Building] WARN  o.e.m.c.i.embedder.EclipseLogger - Using platform encoding (MS949 actually) to copy filtered resources, i.e. build is platform dependent!
2023-08-07 17:14:47,870 [Worker-51: Building] INFO  o.e.m.c.i.embedder.EclipseLogger - skip non existing resourceDirectory C:\Users\Çý°æÀÌ\git\team2_shopdb\day05-bookstore\src\test\resources
2023-08-07 17:15:45,029 [Worker-54: Building] WARN  o.e.m.c.i.embedder.EclipseLogger - Using platform encoding (MS949 actually) to copy filtered resources, i.e. build is platform dependent!
2023-08-07 17:15:45,030 [Worker-54: Building] INFO  o.e.m.c.i.embedder.EclipseLogger - skip non existing resourceDirectory C:\Users\Çý°æÀÌ\git\team2_shopdb\day05-bookstore\src\main\resources
2023-08-07 17:15:45,031 [Worker-54: Building] WARN  o.e.m.c.i.embedder.EclipseLogger - Using platform encoding (MS949 actually) to copy filtered resources, i.e. build is platform dependent!
2023-08-07 17:15:45,031 [Worker-54: Building] INFO  o.e.m.c.i.embedder.EclipseLogger - skip non existing resourceDirectory C:\Users\Çý°æÀÌ\git\team2_shopdb\day05-bookstore\src\test\resources
2023-08-07 17:16:18,824 [Worker-56: Building] WARN  o.e.m.c.i.embedder.EclipseLogger - Using platform encoding (MS949 actually) to copy filtered resources, i.e. build is platform dependent!
2023-08-07 17:16:18,826 [Worker-56: Building] INFO  o.e.m.c.i.embedder.EclipseLogger - skip non existing resourceDirectory C:\Users\Çý°æÀÌ\git\team2_shopdb\day05-bookstore\src\main\resources
2023-08-07 17:16:18,827 [Worker-56: Building] WARN  o.e.m.c.i.embedder.EclipseLogger - Using platform encoding (MS949 actually) to copy filtered resources, i.e. build is platform dependent!
2023-08-07 17:16:18,828 [Worker-56: Building] INFO  o.e.m.c.i.embedder.EclipseLogger - skip non existing resourceDirectory C:\Users\Çý°æÀÌ\git\team2_shopdb\day05-bookstore\src\test\resources
2023-08-07 17:16:22,808 [Worker-54: Building] WARN  o.e.m.c.i.embedder.EclipseLogger - Using platform encoding (MS949 actually) to copy filtered resources, i.e. build is platform dependent!
2023-08-07 17:16:22,809 [Worker-54: Building] INFO  o.e.m.c.i.embedder.EclipseLogger - skip non existing resourceDirectory C:\Users\Çý°æÀÌ\git\team2_shopdb\day05-bookstore\src\main\resources
2023-08-07 17:16:22,810 [Worker-54: Building] WARN  o.e.m.c.i.embedder.EclipseLogger - Using platform encoding (MS949 actually) to copy filtered resources, i.e. build is platform dependent!
2023-08-07 17:16:22,810 [Worker-54: Building] INFO  o.e.m.c.i.embedder.EclipseLogger - skip non existing resourceDirectory C:\Users\Çý°æÀÌ\git\team2_shopdb\day05-bookstore\src\test\resources
2023-08-07 17:16:44,777 [Worker-56: Building] WARN  o.e.m.c.i.embedder.EclipseLogger - Using platform encoding (MS949 actually) to copy filtered resources, i.e. build is platform dependent!
2023-08-07 17:16:44,778 [Worker-56: Building] INFO  o.e.m.c.i.embedder.EclipseLogger - skip non existing resourceDirectory C:\Users\Çý°æÀÌ\git\team2_shopdb\day05-bookstore\src\main\resources
2023-08-07 17:16:44,779 [Worker-56: Building] WARN  o.e.m.c.i.embedder.EclipseLogger - Using platform encoding (MS949 actually) to copy filtered resources, i.e. build is platform dependent!
2023-08-07 17:16:44,780 [Worker-56: Building] INFO  o.e.m.c.i.embedder.EclipseLogger - skip non existing resourceDirectory C:\Users\Çý°æÀÌ\git\team2_shopdb\day05-bookstore\src\test\resources
2023-08-07 17:16:59,518 [Worker-54: Building] WARN  o.e.m.c.i.embedder.EclipseLogger - Using platform encoding (MS949 actually) to copy filtered resources, i.e. build is platform dependent!
2023-08-07 17:16:59,518 [Worker-54: Building] INFO  o.e.m.c.i.embedder.EclipseLogger - skip non existing resourceDirectory C:\Users\Çý°æÀÌ\git\team2_shopdb\day05-bookstore\src\main\resources
2023-08-07 17:16:59,519 [Worker-54: Building] WARN  o.e.m.c.i.embedder.EclipseLogger - Using platform encoding (MS949 actually) to copy filtered resources, i.e. build is platform dependent!
2023-08-07 17:16:59,520 [Worker-54: Building] INFO  o.e.m.c.i.embedder.EclipseLogger - skip non existing resourceDirectory C:\Users\Çý°æÀÌ\git\team2_shopdb\day05-bookstore\src\test\resources
2023-08-07 17:18:06,870 [Worker-43: Building] WARN  o.e.m.c.i.embedder.EclipseLogger - Using platform encoding (MS949 actually) to copy filtered resources, i.e. build is platform dependent!
2023-08-07 17:18:06,871 [Worker-43: Building] INFO  o.e.m.c.i.embedder.EclipseLogger - skip non existing resourceDirectory C:\Users\Çý°æÀÌ\git\team2_shopdb\day05-bookstore\src\main\resources
2023-08-07 17:18:06,873 [Worker-43: Building] WARN  o.e.m.c.i.embedder.EclipseLogger - Using platform encoding (MS949 actually) to copy filtered resources, i.e. build is platform dependent!
2023-08-07 17:18:06,874 [Worker-43: Building] INFO  o.e.m.c.i.embedder.EclipseLogger - skip non existing resourceDirectory C:\Users\Çý°æÀÌ\git\team2_shopdb\day05-bookstore\src\test\resources
2023-08-07 17:18:49,323 [Worker-53: Building] WARN  o.e.m.c.i.embedder.EclipseLogger - Using platform encoding (MS949 actually) to copy filtered resources, i.e. build is platform dependent!
2023-08-07 17:18:49,323 [Worker-53: Building] INFO  o.e.m.c.i.embedder.EclipseLogger - skip non existing resourceDirectory C:\Users\Çý°æÀÌ\git\team2_shopdb\day05-bookstore\src\main\resources
2023-08-07 17:18:49,324 [Worker-53: Building] WARN  o.e.m.c.i.embedder.EclipseLogger - Using platform encoding (MS949 actually) to copy filtered resources, i.e. build is platform dependent!
2023-08-07 17:18:49,325 [Worker-53: Building] INFO  o.e.m.c.i.embedder.EclipseLogger - skip non existing resourceDirectory C:\Users\Çý°æÀÌ\git\team2_shopdb\day05-bookstore\src\test\resources
2023-08-07 17:19:06,030 [Worker-51: Building] WARN  o.e.m.c.i.embedder.EclipseLogger - Using platform encoding (MS949 actually) to copy filtered resources, i.e. build is platform dependent!
2023-08-07 17:19:06,031 [Worker-51: Building] INFO  o.e.m.c.i.embedder.EclipseLogger - skip non existing resourceDirectory C:\Users\Çý°æÀÌ\git\team2_shopdb\day05-bookstore\src\main\resources
2023-08-07 17:19:06,032 [Worker-51: Building] WARN  o.e.m.c.i.embedder.EclipseLogger - Using platform encoding (MS949 actually) to copy filtered resources, i.e. build is platform dependent!
2023-08-07 17:19:06,032 [Worker-51: Building] INFO  o.e.m.c.i.embedder.EclipseLogger - skip non existing resourceDirectory C:\Users\Çý°æÀÌ\git\team2_shopdb\day05-bookstore\src\test\resources
2023-08-07 17:21:05,809 [Worker-54: Building] WARN  o.e.m.c.i.embedder.EclipseLogger - Using platform encoding (MS949 actually) to copy filtered resources, i.e. build is platform dependent!
2023-08-07 17:21:05,810 [Worker-54: Building] INFO  o.e.m.c.i.embedder.EclipseLogger - skip non existing resourceDirectory C:\Users\Çý°æÀÌ\git\team2_shopdb\day05-bookstore\src\main\resources
2023-08-07 17:21:05,810 [Worker-54: Building] WARN  o.e.m.c.i.embedder.EclipseLogger - Using platform encoding (MS949 actually) to copy filtered resources, i.e. build is platform dependent!
2023-08-07 17:21:05,811 [Worker-54: Building] INFO  o.e.m.c.i.embedder.EclipseLogger - skip non existing resourceDirectory C:\Users\Çý°æÀÌ\git\team2_shopdb\day05-bookstore\src\test\resources
2023-08-07 17:22:35,807 [Worker-53: Building] WARN  o.e.m.c.i.embedder.EclipseLogger - Using platform encoding (MS949 actually) to copy filtered resources, i.e. build is platform dependent!
2023-08-07 17:22:35,808 [Worker-53: Building] INFO  o.e.m.c.i.embedder.EclipseLogger - skip non existing resourceDirectory C:\Users\Çý°æÀÌ\git\team2_shopdb\day05-bookstore\src\main\resources
2023-08-07 17:22:35,809 [Worker-53: Building] WARN  o.e.m.c.i.embedder.EclipseLogger - Using platform encoding (MS949 actually) to copy filtered resources, i.e. build is platform dependent!
2023-08-07 17:22:35,810 [Worker-53: Building] INFO  o.e.m.c.i.embedder.EclipseLogger - skip non existing resourceDirectory C:\Users\Çý°æÀÌ\git\team2_shopdb\day05-bookstore\src\test\resources
2023-08-07 17:23:41,170 [Worker-43: Building] WARN  o.e.m.c.i.embedder.EclipseLogger - Using platform encoding (MS949 actually) to copy filtered resources, i.e. build is platform dependent!
2023-08-07 17:23:41,171 [Worker-43: Building] INFO  o.e.m.c.i.embedder.EclipseLogger - skip non existing resourceDirectory C:\Users\Çý°æÀÌ\git\team2_shopdb\day05-bookstore\src\main\resources
2023-08-07 17:23:41,172 [Worker-43: Building] WARN  o.e.m.c.i.embedder.EclipseLogger - Using platform encoding (MS949 actually) to copy filtered resources, i.e. build is platform dependent!
2023-08-07 17:23:41,173 [Worker-43: Building] INFO  o.e.m.c.i.embedder.EclipseLogger - skip non existing resourceDirectory C:\Users\Çý°æÀÌ\git\team2_shopdb\day05-bookstore\src\test\resources
2023-08-07 17:23:56,329 [Worker-51: Building] WARN  o.e.m.c.i.embedder.EclipseLogger - Using platform encoding (MS949 actually) to copy filtered resources, i.e. build is platform dependent!
2023-08-07 17:23:56,329 [Worker-51: Building] INFO  o.e.m.c.i.embedder.EclipseLogger - skip non existing resourceDirectory C:\Users\Çý°æÀÌ\git\team2_shopdb\day05-bookstore\src\main\resources
2023-08-07 17:23:56,331 [Worker-51: Building] WARN  o.e.m.c.i.embedder.EclipseLogger - Using platform encoding (MS949 actually) to copy filtered resources, i.e. build is platform dependent!
2023-08-07 17:23:56,332 [Worker-51: Building] INFO  o.e.m.c.i.embedder.EclipseLogger - skip non existing resourceDirectory C:\Users\Çý°æÀÌ\git\team2_shopdb\day05-bookstore\src\test\resources
2023-08-07 17:25:13,727 [Worker-52: Building] WARN  o.e.m.c.i.embedder.EclipseLogger - Using platform encoding (MS949 actually) to copy filtered resources, i.e. build is platform dependent!
2023-08-07 17:25:13,728 [Worker-52: Building] INFO  o.e.m.c.i.embedder.EclipseLogger - skip non existing resourceDirectory C:\Users\Çý°æÀÌ\git\team2_shopdb\day05-bookstore\src\main\resources
2023-08-07 17:25:13,729 [Worker-52: Building] WARN  o.e.m.c.i.embedder.EclipseLogger - Using platform encoding (MS949 actually) to copy filtered resources, i.e. build is platform dependent!
2023-08-07 17:25:13,730 [Worker-52: Building] INFO  o.e.m.c.i.embedder.EclipseLogger - skip non existing resourceDirectory C:\Users\Çý°æÀÌ\git\team2_shopdb\day05-bookstore\src\test\resources
2023-08-07 17:27:04,917 [Worker-58: Building] WARN  o.e.m.c.i.embedder.EclipseLogger - Using platform encoding (MS949 actually) to copy filtered resources, i.e. build is platform dependent!
2023-08-07 17:27:04,918 [Worker-58: Building] INFO  o.e.m.c.i.embedder.EclipseLogger - skip non existing resourceDirectory C:\Users\Çý°æÀÌ\git\team2_shopdb\day05-bookstore\src\main\resources
2023-08-07 17:27:04,919 [Worker-58: Building] WARN  o.e.m.c.i.embedder.EclipseLogger - Using platform encoding (MS949 actually) to copy filtered resources, i.e. build is platform dependent!
2023-08-07 17:27:04,920 [Worker-58: Building] INFO  o.e.m.c.i.embedder.EclipseLogger - skip non existing resourceDirectory C:\Users\Çý°æÀÌ\git\team2_shopdb\day05-bookstore\src\test\resources
2023-08-07 17:33:27,355 [Worker-60: Building] WARN  o.e.m.c.i.embedder.EclipseLogger - Using platform encoding (MS949 actually) to copy filtered resources, i.e. build is platform dependent!
2023-08-07 17:33:27,356 [Worker-60: Building] INFO  o.e.m.c.i.embedder.EclipseLogger - skip non existing resourceDirectory C:\Users\Çý°æÀÌ\git\team2_shopdb\day05-bookstore\src\main\resources
2023-08-07 17:33:27,357 [Worker-60: Building] WARN  o.e.m.c.i.embedder.EclipseLogger - Using platform encoding (MS949 actually) to copy filtered resources, i.e. build is platform dependent!
2023-08-07 17:33:27,358 [Worker-60: Building] INFO  o.e.m.c.i.embedder.EclipseLogger - skip non existing resourceDirectory C:\Users\Çý°æÀÌ\git\team2_shopdb\day05-bookstore\src\test\resources
2023-08-07 17:33:51,307 [Worker-57: Building] WARN  o.e.m.c.i.embedder.EclipseLogger - Using platform encoding (MS949 actually) to copy filtered resources, i.e. build is platform dependent!
2023-08-07 17:33:51,309 [Worker-57: Building] INFO  o.e.m.c.i.embedder.EclipseLogger - skip non existing resourceDirectory C:\Users\Çý°æÀÌ\git\team2_shopdb\day05-bookstore\src\main\resources
2023-08-07 17:33:51,309 [Worker-57: Building] WARN  o.e.m.c.i.embedder.EclipseLogger - Using platform encoding (MS949 actually) to copy filtered resources, i.e. build is platform dependent!
2023-08-07 17:33:51,310 [Worker-57: Building] INFO  o.e.m.c.i.embedder.EclipseLogger - skip non existing resourceDirectory C:\Users\Çý°æÀÌ\git\team2_shopdb\day05-bookstore\src\test\resources
2023-08-07 17:34:42,311 [Worker-60: Building] WARN  o.e.m.c.i.embedder.EclipseLogger - Using platform encoding (MS949 actually) to copy filtered resources, i.e. build is platform dependent!
2023-08-07 17:34:42,312 [Worker-60: Building] INFO  o.e.m.c.i.embedder.EclipseLogger - skip non existing resourceDirectory C:\Users\Çý°æÀÌ\git\team2_shopdb\day05-bookstore\src\main\resources
2023-08-07 17:34:42,312 [Worker-60: Building] WARN  o.e.m.c.i.embedder.EclipseLogger - Using platform encoding (MS949 actually) to copy filtered resources, i.e. build is platform dependent!
2023-08-07 17:34:42,313 [Worker-60: Building] INFO  o.e.m.c.i.embedder.EclipseLogger - skip non existing resourceDirectory C:\Users\Çý°æÀÌ\git\team2_shopdb\day05-bookstore\src\test\resources
2023-08-07 17:35:20,303 [Worker-58: Building] WARN  o.e.m.c.i.embedder.EclipseLogger - Using platform encoding (MS949 actually) to copy filtered resources, i.e. build is platform dependent!
2023-08-07 17:35:20,304 [Worker-58: Building] INFO  o.e.m.c.i.embedder.EclipseLogger - skip non existing resourceDirectory C:\Users\Çý°æÀÌ\git\team2_shopdb\day05-bookstore\src\main\resources
2023-08-07 17:35:20,304 [Worker-58: Building] WARN  o.e.m.c.i.embedder.EclipseLogger - Using platform encoding (MS949 actually) to copy filtered resources, i.e. build is platform dependent!
2023-08-07 17:35:20,305 [Worker-58: Building] INFO  o.e.m.c.i.embedder.EclipseLogger - skip non existing resourceDirectory C:\Users\Çý°æÀÌ\git\team2_shopdb\day05-bookstore\src\test\resources
2023-08-07 17:44:54,408 [Worker-61: Building] WARN  o.e.m.c.i.embedder.EclipseLogger - Using platform encoding (MS949 actually) to copy filtered resources, i.e. build is platform dependent!
2023-08-07 17:44:54,410 [Worker-61: Building] INFO  o.e.m.c.i.embedder.EclipseLogger - skip non existing resourceDirectory C:\Users\Çý°æÀÌ\git\team2_shopdb\day05-bookstore\src\main\resources
2023-08-07 17:44:54,412 [Worker-61: Building] WARN  o.e.m.c.i.embedder.EclipseLogger - Using platform encoding (MS949 actually) to copy filtered resources, i.e. build is platform dependent!
2023-08-07 17:44:54,413 [Worker-61: Building] INFO  o.e.m.c.i.embedder.EclipseLogger - skip non existing resourceDirectory C:\Users\Çý°æÀÌ\git\team2_shopdb\day05-bookstore\src\test\resources
2023-08-07 17:46:22,824 [Worker-57: Building] WARN  o.e.m.c.i.embedder.EclipseLogger - Using platform encoding (MS949 actually) to copy filtered resources, i.e. build is platform dependent!
2023-08-07 17:46:22,825 [Worker-57: Building] INFO  o.e.m.c.i.embedder.EclipseLogger - skip non existing resourceDirectory C:\Users\Çý°æÀÌ\git\team2_shopdb\day05-bookstore\src\main\resources
2023-08-07 17:46:22,825 [Worker-57: Building] WARN  o.e.m.c.i.embedder.EclipseLogger - Using platform encoding (MS949 actually) to copy filtered resources, i.e. build is platform dependent!
2023-08-07 17:46:22,826 [Worker-57: Building] INFO  o.e.m.c.i.embedder.EclipseLogger - skip non existing resourceDirectory C:\Users\Çý°æÀÌ\git\team2_shopdb\day05-bookstore\src\test\resources
2023-08-07 17:46:27,373 [Worker-63: Building] WARN  o.e.m.c.i.embedder.EclipseLogger - Using platform encoding (MS949 actually) to copy filtered resources, i.e. build is platform dependent!
2023-08-07 17:46:27,375 [Worker-63: Building] INFO  o.e.m.c.i.embedder.EclipseLogger - skip non existing resourceDirectory C:\Users\Çý°æÀÌ\git\team2_shopdb\day05-bookstore\src\main\resources
2023-08-07 17:46:27,376 [Worker-63: Building] WARN  o.e.m.c.i.embedder.EclipseLogger - Using platform encoding (MS949 actually) to copy filtered resources, i.e. build is platform dependent!
2023-08-07 17:46:27,377 [Worker-63: Building] INFO  o.e.m.c.i.embedder.EclipseLogger - skip non existing resourceDirectory C:\Users\Çý°æÀÌ\git\team2_shopdb\day05-bookstore\src\test\resources
2023-08-07 17:47:11,686 [Worker-64: Building] WARN  o.e.m.c.i.embedder.EclipseLogger - Using platform encoding (MS949 actually) to copy filtered resources, i.e. build is platform dependent!
2023-08-07 17:47:11,687 [Worker-64: Building] INFO  o.e.m.c.i.embedder.EclipseLogger - skip non existing resourceDirectory C:\Users\Çý°æÀÌ\git\team2_shopdb\day05-bookstore\src\main\resources
2023-08-07 17:47:11,688 [Worker-64: Building] WARN  o.e.m.c.i.embedder.EclipseLogger - Using platform encoding (MS949 actually) to copy filtered resources, i.e. build is platform dependent!
2023-08-07 17:47:11,689 [Worker-64: Building] INFO  o.e.m.c.i.embedder.EclipseLogger - skip non existing resourceDirectory C:\Users\Çý°æÀÌ\git\team2_shopdb\day05-bookstore\src\test\resources
2023-08-07 17:47:38,129 [Worker-61: Building] WARN  o.e.m.c.i.embedder.EclipseLogger - Using platform encoding (MS949 actually) to copy filtered resources, i.e. build is platform dependent!
2023-08-07 17:47:38,130 [Worker-61: Building] INFO  o.e.m.c.i.embedder.EclipseLogger - skip non existing resourceDirectory C:\Users\Çý°æÀÌ\git\team2_shopdb\day05-bookstore\src\main\resources
2023-08-07 17:47:38,131 [Worker-61: Building] WARN  o.e.m.c.i.embedder.EclipseLogger - Using platform encoding (MS949 actually) to copy filtered resources, i.e. build is platform dependent!
2023-08-07 17:47:38,131 [Worker-61: Building] INFO  o.e.m.c.i.embedder.EclipseLogger - skip non existing resourceDirectory C:\Users\Çý°æÀÌ\git\team2_shopdb\day05-bookstore\src\test\resources
2023-08-07 17:48:02,332 [Worker-62: Building] WARN  o.e.m.c.i.embedder.EclipseLogger - Using platform encoding (MS949 actually) to copy filtered resources, i.e. build is platform dependent!
2023-08-07 17:48:02,333 [Worker-62: Building] INFO  o.e.m.c.i.embedder.EclipseLogger - skip non existing resourceDirectory C:\Users\Çý°æÀÌ\git\team2_shopdb\day05-bookstore\src\main\resources
2023-08-07 17:48:02,334 [Worker-62: Building] WARN  o.e.m.c.i.embedder.EclipseLogger - Using platform encoding (MS949 actually) to copy filtered resources, i.e. build is platform dependent!
2023-08-07 17:48:02,335 [Worker-62: Building] INFO  o.e.m.c.i.embedder.EclipseLogger - skip non existing resourceDirectory C:\Users\Çý°æÀÌ\git\team2_shopdb\day05-bookstore\src\test\resources
2023-08-07 17:48:45,436 [Worker-65: Building] WARN  o.e.m.c.i.embedder.EclipseLogger - Using platform encoding (MS949 actually) to copy filtered resources, i.e. build is platform dependent!
2023-08-07 17:48:45,438 [Worker-65: Building] INFO  o.e.m.c.i.embedder.EclipseLogger - skip non existing resourceDirectory C:\Users\Çý°æÀÌ\git\team2_shopdb\day05-bookstore\src\main\resources
2023-08-07 17:48:45,440 [Worker-65: Building] WARN  o.e.m.c.i.embedder.EclipseLogger - Using platform encoding (MS949 actually) to copy filtered resources, i.e. build is platform dependent!
2023-08-07 17:48:45,441 [Worker-65: Building] INFO  o.e.m.c.i.embedder.EclipseLogger - skip non existing resourceDirectory C:\Users\Çý°æÀÌ\git\team2_shopdb\day05-bookstore\src\test\resources
2023-08-07 17:48:51,845 [Worker-64: Building] WARN  o.e.m.c.i.embedder.EclipseLogger - Using platform encoding (MS949 actually) to copy filtered resources, i.e. build is platform dependent!
2023-08-07 17:48:51,846 [Worker-64: Building] INFO  o.e.m.c.i.embedder.EclipseLogger - skip non existing resourceDirectory C:\Users\Çý°æÀÌ\git\team2_shopdb\day05-bookstore\src\main\resources
2023-08-07 17:48:51,847 [Worker-64: Building] WARN  o.e.m.c.i.embedder.EclipseLogger - Using platform encoding (MS949 actually) to copy filtered resources, i.e. build is platform dependent!
2023-08-07 17:48:51,847 [Worker-64: Building] INFO  o.e.m.c.i.embedder.EclipseLogger - skip non existing resourceDirectory C:\Users\Çý°æÀÌ\git\team2_shopdb\day05-bookstore\src\test\resources
2023-08-07 17:49:28,928 [Worker-61: Building] WARN  o.e.m.c.i.embedder.EclipseLogger - Using platform encoding (MS949 actually) to copy filtered resources, i.e. build is platform dependent!
2023-08-07 17:49:28,929 [Worker-61: Building] INFO  o.e.m.c.i.embedder.EclipseLogger - skip non existing resourceDirectory C:\Users\Çý°æÀÌ\git\team2_shopdb\day05-bookstore\src\main\resources
2023-08-07 17:49:28,929 [Worker-61: Building] WARN  o.e.m.c.i.embedder.EclipseLogger - Using platform encoding (MS949 actually) to copy filtered resources, i.e. build is platform dependent!
2023-08-07 17:49:28,930 [Worker-61: Building] INFO  o.e.m.c.i.embedder.EclipseLogger - skip non existing resourceDirectory C:\Users\Çý°æÀÌ\git\team2_shopdb\day05-bookstore\src\test\resources
2023-08-07 17:49:42,541 [Worker-65: Building] WARN  o.e.m.c.i.embedder.EclipseLogger - Using platform encoding (MS949 actually) to copy filtered resources, i.e. build is platform dependent!
2023-08-07 17:49:42,542 [Worker-65: Building] INFO  o.e.m.c.i.embedder.EclipseLogger - skip non existing resourceDirectory C:\Users\Çý°æÀÌ\git\team2_shopdb\day05-bookstore\src\main\resources
2023-08-07 17:49:42,543 [Worker-65: Building] WARN  o.e.m.c.i.embedder.EclipseLogger - Using platform encoding (MS949 actually) to copy filtered resources, i.e. build is platform dependent!
2023-08-07 17:49:42,543 [Worker-65: Building] INFO  o.e.m.c.i.embedder.EclipseLogger - skip non existing resourceDirectory C:\Users\Çý°æÀÌ\git\team2_shopdb\day05-bookstore\src\test\resources
2023-08-07 17:50:12,241 [Worker-61: Building] WARN  o.e.m.c.i.embedder.EclipseLogger - Using platform encoding (MS949 actually) to copy filtered resources, i.e. build is platform dependent!
2023-08-07 17:50:12,242 [Worker-61: Building] INFO  o.e.m.c.i.embedder.EclipseLogger - skip non existing resourceDirectory C:\Users\Çý°æÀÌ\git\team2_shopdb\day05-bookstore\src\main\resources
2023-08-07 17:50:12,243 [Worker-61: Building] WARN  o.e.m.c.i.embedder.EclipseLogger - Using platform encoding (MS949 actually) to copy filtered resources, i.e. build is platform dependent!
2023-08-07 17:50:12,244 [Worker-61: Building] INFO  o.e.m.c.i.embedder.EclipseLogger - skip non existing resourceDirectory C:\Users\Çý°æÀÌ\git\team2_shopdb\day05-bookstore\src\test\resources
2023-08-07 17:50:24,988 [Worker-57: Building] WARN  o.e.m.c.i.embedder.EclipseLogger - Using platform encoding (MS949 actually) to copy filtered resources, i.e. build is platform dependent!
2023-08-07 17:50:24,989 [Worker-57: Building] INFO  o.e.m.c.i.embedder.EclipseLogger - skip non existing resourceDirectory C:\Users\Çý°æÀÌ\git\team2_shopdb\day05-bookstore\src\main\resources
2023-08-07 17:50:24,990 [Worker-57: Building] WARN  o.e.m.c.i.embedder.EclipseLogger - Using platform encoding (MS949 actually) to copy filtered resources, i.e. build is platform dependent!
2023-08-07 17:50:24,991 [Worker-57: Building] INFO  o.e.m.c.i.embedder.EclipseLogger - skip non existing resourceDirectory C:\Users\Çý°æÀÌ\git\team2_shopdb\day05-bookstore\src\test\resources
2023-08-07 17:50:36,748 [Worker-57: Building] WARN  o.e.m.c.i.embedder.EclipseLogger - Using platform encoding (MS949 actually) to copy filtered resources, i.e. build is platform dependent!
2023-08-07 17:50:36,749 [Worker-57: Building] INFO  o.e.m.c.i.embedder.EclipseLogger - skip non existing resourceDirectory C:\Users\Çý°æÀÌ\git\team2_shopdb\day05-bookstore\src\main\resources
2023-08-07 17:50:36,749 [Worker-57: Building] WARN  o.e.m.c.i.embedder.EclipseLogger - Using platform encoding (MS949 actually) to copy filtered resources, i.e. build is platform dependent!
2023-08-07 17:50:36,750 [Worker-57: Building] INFO  o.e.m.c.i.embedder.EclipseLogger - skip non existing resourceDirectory C:\Users\Çý°æÀÌ\git\team2_shopdb\day05-bookstore\src\test\resources
2023-08-07 17:51:07,176 [Worker-63: Building] WARN  o.e.m.c.i.embedder.EclipseLogger - Using platform encoding (MS949 actually) to copy filtered resources, i.e. build is platform dependent!
2023-08-07 17:51:07,178 [Worker-63: Building] INFO  o.e.m.c.i.embedder.EclipseLogger - skip non existing resourceDirectory C:\Users\Çý°æÀÌ\git\team2_shopdb\day05-bookstore\src\main\resources
2023-08-07 17:51:07,179 [Worker-63: Building] WARN  o.e.m.c.i.embedder.EclipseLogger - Using platform encoding (MS949 actually) to copy filtered resources, i.e. build is platform dependent!
2023-08-07 17:51:07,180 [Worker-63: Building] INFO  o.e.m.c.i.embedder.EclipseLogger - skip non existing resourceDirectory C:\Users\Çý°æÀÌ\git\team2_shopdb\day05-bookstore\src\test\resources
2023-08-07 17:51:13,505 [Worker-62: Building] WARN  o.e.m.c.i.embedder.EclipseLogger - Using platform encoding (MS949 actually) to copy filtered resources, i.e. build is platform dependent!
2023-08-07 17:51:13,506 [Worker-62: Building] INFO  o.e.m.c.i.embedder.EclipseLogger - skip non existing resourceDirectory C:\Users\Çý°æÀÌ\git\team2_shopdb\day05-bookstore\src\main\resources
2023-08-07 17:51:13,506 [Worker-62: Building] WARN  o.e.m.c.i.embedder.EclipseLogger - Using platform encoding (MS949 actually) to copy filtered resources, i.e. build is platform dependent!
2023-08-07 17:51:13,507 [Worker-62: Building] INFO  o.e.m.c.i.embedder.EclipseLogger - skip non existing resourceDirectory C:\Users\Çý°æÀÌ\git\team2_shopdb\day05-bookstore\src\test\resources
2023-08-07 17:55:26,749 [Worker-67: Building] WARN  o.e.m.c.i.embedder.EclipseLogger - Using platform encoding (MS949 actually) to copy filtered resources, i.e. build is platform dependent!
2023-08-07 17:55:26,750 [Worker-67: Building] INFO  o.e.m.c.i.embedder.EclipseLogger - skip non existing resourceDirectory C:\Users\Çý°æÀÌ\git\team2_shopdb\day05-bookstore\src\main\resources
2023-08-07 17:55:26,751 [Worker-67: Building] WARN  o.e.m.c.i.embedder.EclipseLogger - Using platform encoding (MS949 actually) to copy filtered resources, i.e. build is platform dependent!
2023-08-07 17:55:26,751 [Worker-67: Building] INFO  o.e.m.c.i.embedder.EclipseLogger - skip non existing resourceDirectory C:\Users\Çý°æÀÌ\git\team2_shopdb\day05-bookstore\src\test\resources
2023-08-07 17:55:58,549 [Worker-62: Building] WARN  o.e.m.c.i.embedder.EclipseLogger - Using platform encoding (MS949 actually) to copy filtered resources, i.e. build is platform dependent!
2023-08-07 17:55:58,550 [Worker-62: Building] INFO  o.e.m.c.i.embedder.EclipseLogger - skip non existing resourceDirectory C:\Users\Çý°æÀÌ\git\team2_shopdb\day05-bookstore\src\main\resources
2023-08-07 17:55:58,551 [Worker-62: Building] WARN  o.e.m.c.i.embedder.EclipseLogger - Using platform encoding (MS949 actually) to copy filtered resources, i.e. build is platform dependent!
2023-08-07 17:55:58,552 [Worker-62: Building] INFO  o.e.m.c.i.embedder.EclipseLogger - skip non existing resourceDirectory C:\Users\Çý°æÀÌ\git\team2_shopdb\day05-bookstore\src\test\resources
2023-08-07 17:56:24,551 [Worker-66: Building] WARN  o.e.m.c.i.embedder.EclipseLogger - Using platform encoding (MS949 actually) to copy filtered resources, i.e. build is platform dependent!
2023-08-07 17:56:24,552 [Worker-66: Building] INFO  o.e.m.c.i.embedder.EclipseLogger - skip non existing resourceDirectory C:\Users\Çý°æÀÌ\git\team2_shopdb\day05-bookstore\src\main\resources
2023-08-07 17:56:24,553 [Worker-66: Building] WARN  o.e.m.c.i.embedder.EclipseLogger - Using platform encoding (MS949 actually) to copy filtered resources, i.e. build is platform dependent!
2023-08-07 17:56:24,553 [Worker-66: Building] INFO  o.e.m.c.i.embedder.EclipseLogger - skip non existing resourceDirectory C:\Users\Çý°æÀÌ\git\team2_shopdb\day05-bookstore\src\test\resources
2023-08-07 17:56:53,685 [Worker-62: Building] WARN  o.e.m.c.i.embedder.EclipseLogger - Using platform encoding (MS949 actually) to copy filtered resources, i.e. build is platform dependent!
2023-08-07 17:56:53,686 [Worker-62: Building] INFO  o.e.m.c.i.embedder.EclipseLogger - skip non existing resourceDirectory C:\Users\Çý°æÀÌ\git\team2_shopdb\day05-bookstore\src\main\resources
2023-08-07 17:56:53,687 [Worker-62: Building] WARN  o.e.m.c.i.embedder.EclipseLogger - Using platform encoding (MS949 actually) to copy filtered resources, i.e. build is platform dependent!
2023-08-07 17:56:53,688 [Worker-62: Building] INFO  o.e.m.c.i.embedder.EclipseLogger - skip non existing resourceDirectory C:\Users\Çý°æÀÌ\git\team2_shopdb\day05-bookstore\src\test\resources
2023-08-07 17:58:12,844 [Worker-66: Building] WARN  o.e.m.c.i.embedder.EclipseLogger - Using platform encoding (MS949 actually) to copy filtered resources, i.e. build is platform dependent!
2023-08-07 17:58:12,845 [Worker-66: Building] INFO  o.e.m.c.i.embedder.EclipseLogger - skip non existing resourceDirectory C:\Users\Çý°æÀÌ\git\team2_shopdb\day05-bookstore\src\main\resources
2023-08-07 17:58:12,846 [Worker-66: Building] WARN  o.e.m.c.i.embedder.EclipseLogger - Using platform encoding (MS949 actually) to copy filtered resources, i.e. build is platform dependent!
2023-08-07 17:58:12,847 [Worker-66: Building] INFO  o.e.m.c.i.embedder.EclipseLogger - skip non existing resourceDirectory C:\Users\Çý°æÀÌ\git\team2_shopdb\day05-bookstore\src\test\resources
2023-08-07 18:00:38,598 [Worker-72: Building] WARN  o.e.m.c.i.embedder.EclipseLogger - Using platform encoding (MS949 actually) to copy filtered resources, i.e. build is platform dependent!
2023-08-07 18:00:38,599 [Worker-72: Building] INFO  o.e.m.c.i.embedder.EclipseLogger - skip non existing resourceDirectory C:\Users\Çý°æÀÌ\git\team2_shopdb\day05-bookstore\src\main\resources
2023-08-07 18:00:38,601 [Worker-72: Building] WARN  o.e.m.c.i.embedder.EclipseLogger - Using platform encoding (MS949 actually) to copy filtered resources, i.e. build is platform dependent!
2023-08-07 18:00:38,602 [Worker-72: Building] INFO  o.e.m.c.i.embedder.EclipseLogger - skip non existing resourceDirectory C:\Users\Çý°æÀÌ\git\team2_shopdb\day05-bookstore\src\test\resources
2023-08-07 18:00:50,125 [Worker-68: Building] WARN  o.e.m.c.i.embedder.EclipseLogger - Using platform encoding (MS949 actually) to copy filtered resources, i.e. build is platform dependent!
2023-08-07 18:00:50,126 [Worker-68: Building] INFO  o.e.m.c.i.embedder.EclipseLogger - skip non existing resourceDirectory C:\Users\Çý°æÀÌ\git\team2_shopdb\day05-bookstore\src\main\resources
2023-08-07 18:00:50,127 [Worker-68: Building] WARN  o.e.m.c.i.embedder.EclipseLogger - Using platform encoding (MS949 actually) to copy filtered resources, i.e. build is platform dependent!
2023-08-07 18:00:50,128 [Worker-68: Building] INFO  o.e.m.c.i.embedder.EclipseLogger - skip non existing resourceDirectory C:\Users\Çý°æÀÌ\git\team2_shopdb\day05-bookstore\src\test\resources
2023-08-07 18:01:08,311 [Worker-69: Building] WARN  o.e.m.c.i.embedder.EclipseLogger - Using platform encoding (MS949 actually) to copy filtered resources, i.e. build is platform dependent!
2023-08-07 18:01:08,312 [Worker-69: Building] INFO  o.e.m.c.i.embedder.EclipseLogger - skip non existing resourceDirectory C:\Users\Çý°æÀÌ\git\team2_shopdb\day05-bookstore\src\main\resources
2023-08-07 18:01:08,313 [Worker-69: Building] WARN  o.e.m.c.i.embedder.EclipseLogger - Using platform encoding (MS949 actually) to copy filtered resources, i.e. build is platform dependent!
2023-08-07 18:01:08,313 [Worker-69: Building] INFO  o.e.m.c.i.embedder.EclipseLogger - skip non existing resourceDirectory C:\Users\Çý°æÀÌ\git\team2_shopdb\day05-bookstore\src\test\resources
